Quick-Cocos2d-x C++ support ready.

------------------------------------------------

LOAD LUA FILE: D:/ProjectOwl/Owl/src/main.lua

------------------------------------------------

[LUA-print] ===========================================================

[LUA-print]               LOAD QUICK FRAMEWORK

[LUA-print] ===========================================================

[LUA-print] [INFO] 

[LUA-print] [INFO] # DEBUG                        = 1

[LUA-print] [INFO] #

[LUA-print] [INFO] # device.platform              = windows

[LUA-print] [INFO] # device.model                 = unknown

[LUA-print] [INFO] # device.language              = cn

[LUA-print] [INFO] # device.writablePath          = D:\ProjectOwl\Owl\

[LUA-print] [INFO] # device.directorySeparator    = \

[LUA-print] [INFO] # device.pathSeparator         = ;

[LUA-print] [INFO] #

[LUA-print] [INFO] # CONFIG_SCREEN_AUTOSCALE      = FIXED_WIDTH

[LUA-print] [INFO] # CONFIG_SCREEN_WIDTH          = 640.00

[LUA-print] [INFO] # CONFIG_SCREEN_HEIGHT         = 360.56

[LUA-print] [INFO] # display.widthInPixels        = 1136.00

[LUA-print] [INFO] # display.heightInPixels       = 640.00

[LUA-print] [INFO] # display.contentScaleFactor   = 1.77

[LUA-print] [INFO] # display.width                = 640.00

[LUA-print] [INFO] # display.height               = 360.56

[LUA-print] [INFO] # display.cx                   = 320.00

[LUA-print] [INFO] # display.cy                   = 180.28

[LUA-print] [INFO] # display.left                 = 0.00

[LUA-print] [INFO] # display.right                = 640.00

[LUA-print] [INFO] # display.top                  = 360.56

[LUA-print] [INFO] # display.bottom               = 0.00

[LUA-print] [INFO] # display.c_left               = -320.00

[LUA-print] [INFO] # display.c_right              = 320.00

[LUA-print] [INFO] # display.c_top                = 180.28

[LUA-print] [INFO] # display.c_bottom             = -180.28

[LUA-print] [INFO] #

